<?xml version="1.0" encoding="UTF-8"?>
<!-- Generated by org.testng.reporters.JUnitXMLReporter -->
<testsuite ignored="0" hostname="madmax" failures="0" tests="3" name="Default test" time="30.856" errors="0" timestamp="2024-02-02T14:04:11 IST">
  <testcase classname="testCases.testCheckboxPage" name="DisableCheckBoxDemo" time="1.492"/>
  <testcase classname="testCases.testCheckboxPage" name="MutlipleCheckBox" time="3.373"/>
  <testcase classname="testCases.testCheckboxPage" name="SingleCheckBoxDemo" time="1.608"/>
</testsuite> <!-- Default test -->
