<?xml version="1.0" encoding="UTF-8"?>
<testsuite xmlns:xsi="http://www.w3.org/2001/XMLSchema-instance" xsi:noNamespaceSchemaLocation="https://maven.apache.org/surefire/maven-surefire-plugin/xsd/surefire-test-report-3.0.xsd" version="3.0" name="TestSuite" time="71.844" tests="12" errors="0" skipped="0" failures="3">
  <properties>
[...]
</properties>
  <testcase name="DisableCheckBoxDemo" classname="testCases.testCheckboxPage" time="0.793">
    <system-out><![CDATA[2024-11-07 15:52:41.458 [main] INFO  testCases.testCheckboxPage - ----- Verifying the functionality of DisableCheckBoxDemo -----
2024-11-07 15:52:41.473 [main] INFO  testCases.testCheckboxPage - ----- Following all the steps to go to the checkbox page -----
2024-11-07 15:52:42.017 [main] INFO  testCases.testCheckboxPage - ----- Checking the title of Checkbox_button_1 is Enabled  or not -----
2024-11-07 15:52:42.072 [main] INFO  testCases.testCheckboxPage - ----- Checking the title of Checkbox_button_3 is Enabled or not -----
2024-11-07 15:52:42.136 [main] INFO  testCases.testCheckboxPage - ----- Checking the title of Checkbox_button_4 is Enabled or not -----
2024-11-07 15:52:42.189 [main] INFO  testCases.testCheckboxPage - ----- Checking the title of Checkbox_button_2 is Selected or not -----
]]></system-out>
    <system-err><![CDATA[SLF4J(W): No SLF4J providers were found.
SLF4J(W): Defaulting to no-operation (NOP) logger implementation
SLF4J(W): See https://www.slf4j.org/codes.html#noProviders for further details.
Nov 07, 2024 3:52:40 PM org.openqa.selenium.devtools.CdpVersionFinder findNearestMatch
WARNING: Unable to find CDP implementation matching 130
Nov 07, 2024 3:52:40 PM org.openqa.selenium.chromium.ChromiumDriver lambda$new$5
WARNING: Unable to find version of CDP to use for 130.0.6723.93. You may need to include a dependency on a specific version of the CDP using something similar to `org.seleniumhq.selenium:selenium-devtools-v86:4.11.0` where the version ("v86") matches the version of the chromium-based browser you're using and the version number of the artifact is the same as Selenium's.
]]></system-err>
  </testcase>
  <testcase name="MutlipleCheckBox" classname="testCases.testCheckboxPage" time="1.139">
    <failure message="element click intercepted: Element &lt;a href=&quot;https://www.lambdatest.com/selenium-playground/checkbox-demo&quot; class=&quot;text-black text-size-14 hover:text-lambda-900 leading-relaxed&quot;&gt;...&lt;/a&gt; is not clickable at point (144, 377). Other element would receive the click: &lt;li class=&quot;&quot;&gt;...&lt;/li&gt;&#10;  (Session info: chrome=130.0.6723.93)&#10;Build info: version: &apos;4.11.0&apos;, revision: &apos;040bc5406b&apos;&#10;System info: os.name: &apos;Windows 11&apos;, os.arch: &apos;amd64&apos;, os.version: &apos;10.0&apos;, java.version: &apos;18.0.2.1&apos;&#10;Driver info: org.openqa.selenium.chrome.ChromeDriver&#10;Command: [ab5bdc9c067e12eb66ce9abb095df713, clickElement {id=f.74BB4C779ECC8F0F50E6375FDC290B45.d.921E1A424373F2FE421163DE351E1CB3.e.54}]&#10;Capabilities {acceptInsecureCerts: false, browserName: chrome, browserVersion: 130.0.6723.93, chrome: {chromedriverVersion: 130.0.6723.116 (6ac35f94ae3..., userDataDir: C:\Users\Abhi\AppData\Local...}, fedcm:accounts: true, goog:chromeOptions: {debuggerAddress: localhost:51556}, networkConnectionEnabled: false, pageLoadStrategy: normal, platformName: windows, proxy: Proxy(), se:cdp: ws://localhost:51556/devtoo..., se:cdpVersion: 130.0.6723.93, setWindowRect: true, strictFileInteractability: false, timeouts: {implicit: 0, pageLoad: 300000, script: 30000}, unhandledPromptBehavior: dismiss and notify, webauthn:extension:credBlob: true, webauthn:extension:largeBlob: true, webauthn:extension:minPinLength: true, webauthn:extension:prf: true, webauthn:virtualAuthenticators: true}&#10;Element: [[ChromeDriver: chrome on windows (ab5bdc9c067e12eb66ce9abb095df713)] -&gt; xpath: //a[contains(text(),&apos;Checkbox Demo&apos;)]]&#10;Session ID: ab5bdc9c067e12eb66ce9abb095df713" type="org.openqa.selenium.ElementClickInterceptedException"><![CDATA[org.openqa.selenium.ElementClickInterceptedException: 
element click intercepted: Element <a href="https://www.lambdatest.com/selenium-playground/checkbox-demo" class="text-black text-size-14 hover:text-lambda-900 leading-relaxed">...</a> is not clickable at point (144, 377). Other element would receive the click: <li class="">...</li>
  (Session info: chrome=130.0.6723.93)
Build info: version: '4.11.0', revision: '040bc5406b'
System info: os.name: 'Windows 11', os.arch: 'amd64', os.version: '10.0', java.version: '18.0.2.1'
Driver info: org.openqa.selenium.chrome.ChromeDriver
Command: [ab5bdc9c067e12eb66ce9abb095df713, clickElement {id=f.74BB4C779ECC8F0F50E6375FDC290B45.d.921E1A424373F2FE421163DE351E1CB3.e.54}]
Capabilities {acceptInsecureCerts: false, browserName: chrome, browserVersion: 130.0.6723.93, chrome: {chromedriverVersion: 130.0.6723.116 (6ac35f94ae3..., userDataDir: C:\Users\Abhi\AppData\Local...}, fedcm:accounts: true, goog:chromeOptions: {debuggerAddress: localhost:51556}, networkConnectionEnabled: false, pageLoadStrategy: normal, platformName: windows, proxy: Proxy(), se:cdp: ws://localhost:51556/devtoo..., se:cdpVersion: 130.0.6723.93, setWindowRect: true, strictFileInteractability: false, timeouts: {implicit: 0, pageLoad: 300000, script: 30000}, unhandledPromptBehavior: dismiss and notify, webauthn:extension:credBlob: true, webauthn:extension:largeBlob: true, webauthn:extension:minPinLength: true, webauthn:extension:prf: true, webauthn:virtualAuthenticators: true}
Element: [[ChromeDriver: chrome on windows (ab5bdc9c067e12eb66ce9abb095df713)] -> xpath: //a[contains(text(),'Checkbox Demo')]]
Session ID: ab5bdc9c067e12eb66ce9abb095df713
	at testCases.testCheckboxPage.MutlipleCheckBox(testCheckboxPage.java:73)
]]></failure>
    <system-out><![CDATA[2024-11-07 15:52:42.248 [main] INFO  basePackage.basePage - Test case got passed
2024-11-07 15:52:42.248 [main] INFO  basePackage.basePage - __________________________________________________________________________________
2024-11-07 15:52:43.906 [main] INFO  testCases.testCheckboxPage - ----- Verifying the functionality of MutlipleCheckBox -----
2024-11-07 15:52:43.908 [main] INFO  testCases.testCheckboxPage - ----- Following all the steps to go to the checkbox page -----
]]></system-out>
    <system-err><![CDATA[log4j:WARN No appenders could be found for logger (freemarker.cache).
log4j:WARN Please initialize the log4j system properly.
log4j:WARN See http://logging.apache.org/log4j/1.2/faq.html#noconfig for more info.
Nov 07, 2024 3:52:43 PM org.openqa.selenium.devtools.CdpVersionFinder findNearestMatch
WARNING: Unable to find CDP implementation matching 130
Nov 07, 2024 3:52:43 PM org.openqa.selenium.chromium.ChromiumDriver lambda$new$5
WARNING: Unable to find version of CDP to use for 130.0.6723.93. You may need to include a dependency on a specific version of the CDP using something similar to `org.seleniumhq.selenium:selenium-devtools-v86:4.11.0` where the version ("v86") matches the version of the chromium-based browser you're using and the version number of the artifact is the same as Selenium's.
]]></system-err>
  </testcase>
  <testcase name="SingleCheckBoxDemo" classname="testCases.testCheckboxPage" time="0.597">
    <system-out><![CDATA[org.openqa.selenium.ElementClickInterceptedException: element click intercepted: Element <a href="https://www.lambdatest.com/selenium-playground/checkbox-demo" class="text-black text-size-14 hover:text-lambda-900 leading-relaxed">...</a> is not clickable at point (144, 377). Other element would receive the click: <li class="">...</li>
  (Session info: chrome=130.0.6723.93)
Build info: version: '4.11.0', revision: '040bc5406b'
System info: os.name: 'Windows 11', os.arch: 'amd64', os.version: '10.0', java.version: '18.0.2.1'
Driver info: org.openqa.selenium.chrome.ChromeDriver
Command: [ab5bdc9c067e12eb66ce9abb095df713, clickElement {id=f.74BB4C779ECC8F0F50E6375FDC290B45.d.921E1A424373F2FE421163DE351E1CB3.e.54}]
Capabilities {acceptInsecureCerts: false, browserName: chrome, browserVersion: 130.0.6723.93, chrome: {chromedriverVersion: 130.0.6723.116 (6ac35f94ae3..., userDataDir: C:\Users\Abhi\AppData\Local...}, fedcm:accounts: true, goog:chromeOptions: {debuggerAddress: localhost:51556}, networkConnectionEnabled: false, pageLoadStrategy: normal, platformName: windows, proxy: Proxy(), se:cdp: ws://localhost:51556/devtoo..., se:cdpVersion: 130.0.6723.93, setWindowRect: true, strictFileInteractability: false, timeouts: {implicit: 0, pageLoad: 300000, script: 30000}, unhandledPromptBehavior: dismiss and notify, webauthn:extension:credBlob: true, webauthn:extension:largeBlob: true, webauthn:extension:minPinLength: true, webauthn:extension:prf: true, webauthn:virtualAuthenticators: true}
Element: [[ChromeDriver: chrome on windows (ab5bdc9c067e12eb66ce9abb095df713)] -> xpath: //a[contains(text(),'Checkbox Demo')]]
Session ID: ab5bdc9c067e12eb66ce9abb095df713
	at java.base/jdk.internal.reflect.DirectConstructorHandleAccessor.newInstance(DirectConstructorHandleAccessor.java:67)
	at java.base/java.lang.reflect.Constructor.newInstanceWithCaller(Constructor.java:499)
	at java.base/java.lang.reflect.Constructor.newInstance(Constructor.java:483)
	at org.openqa.selenium.remote.codec.w3c.W3CHttpResponseCodec.createException(W3CHttpResponseCodec.java:200)
	at org.openqa.selenium.remote.codec.w3c.W3CHttpResponseCodec.decode(W3CHttpResponseCodec.java:133)
	at org.openqa.selenium.remote.codec.w3c.W3CHttpResponseCodec.decode(W3CHttpResponseCodec.java:52)
	at org.openqa.selenium.remote.HttpCommandExecutor.execute(HttpCommandExecutor.java:191)
	at org.openqa.selenium.remote.service.DriverCommandExecutor.invokeExecute(DriverCommandExecutor.java:196)
	at org.openqa.selenium.remote.service.DriverCommandExecutor.execute(DriverCommandExecutor.java:171)
	at org.openqa.selenium.remote.RemoteWebDriver.execute(RemoteWebDriver.java:518)
	at org.openqa.selenium.remote.RemoteWebElement.execute(RemoteWebElement.java:224)
	at org.openqa.selenium.remote.RemoteWebElement.click(RemoteWebElement.java:77)
	at java.base/jdk.internal.reflect.DirectMethodHandleAccessor.invoke(DirectMethodHandleAccessor.java:104)
	at java.base/java.lang.reflect.Method.invoke(Method.java:577)
	at org.openqa.selenium.support.pagefactory.internal.LocatingElementHandler.invoke(LocatingElementHandler.java:51)
	at jdk.proxy2/jdk.proxy2.$Proxy30.click(Unknown Source)
	at utilities.elementsUtils.clickOnElement(elementsUtils.java:68)
	at pages.lambdaHomePage.clickOnBtnChechbox(lambdaHomePage.java:102)
	at testCases.testCheckboxPage.MutlipleCheckBox(testCheckboxPage.java:73)
	at java.base/jdk.internal.reflect.DirectMethodHandleAccessor.invoke(DirectMethodHandleAccessor.java:104)
	at java.base/java.lang.reflect.Method.invoke(Method.java:577)
	at org.testng.internal.MethodInvocationHelper.invokeMethod(MethodInvocationHelper.java:134)
	at org.testng.internal.TestInvoker.invokeMethod(TestInvoker.java:597)
	at org.testng.internal.TestInvoker.invokeTestMethod(TestInvoker.java:173)
	at org.testng.internal.MethodRunner.runInSequence(MethodRunner.java:46)
	at org.testng.internal.TestInvoker$MethodInvocationAgent.invoke(TestInvoker.java:816)
	at org.testng.internal.TestInvoker.invokeTestMethods(TestInvoker.java:146)
	at org.testng.internal.TestMethodWorker.invokeTestMethods(TestMethodWorker.java:146)
	at org.testng.internal.TestMethodWorker.run(TestMethodWorker.java:128)
	at java.base/java.util.ArrayList.forEach(ArrayList.java:1511)
	at org.testng.TestRunner.privateRun(TestRunner.java:766)
	at org.testng.TestRunner.run(TestRunner.java:587)
	at org.testng.SuiteRunner.runTest(SuiteRunner.java:384)
	at org.testng.SuiteRunner.runSequentially(SuiteRunner.java:378)
	at org.testng.SuiteRunner.privateRun(SuiteRunner.java:337)
	at org.testng.SuiteRunner.run(SuiteRunner.java:286)
	at org.testng.SuiteRunnerWorker.runSuite(SuiteRunnerWorker.java:53)
	at org.testng.SuiteRunnerWorker.run(SuiteRunnerWorker.java:96)
	at org.testng.TestNG.runSuitesSequentially(TestNG.java:1187)
	at org.testng.TestNG.runSuitesLocally(TestNG.java:1109)
	at org.testng.TestNG.runSuites(TestNG.java:1039)
	at org.testng.TestNG.run(TestNG.java:1007)
	at org.apache.maven.surefire.testng.TestNGExecutor.run(TestNGExecutor.java:284)
	at org.apache.maven.surefire.testng.TestNGXmlTestSuite.execute(TestNGXmlTestSuite.java:75)
	at org.apache.maven.surefire.testng.TestNGProvider.invoke(TestNGProvider.java:119)
	at org.apache.maven.surefire.booter.ForkedBooter.runSuitesInProcess(ForkedBooter.java:428)
	at org.apache.maven.surefire.booter.ForkedBooter.execute(ForkedBooter.java:162)
	at org.apache.maven.surefire.booter.ForkedBooter.run(ForkedBooter.java:562)
	at org.apache.maven.surefire.booter.ForkedBooter.main(ForkedBooter.java:548)

2024-11-07 15:52:46.736 [main] INFO  testCases.testCheckboxPage - ----- Verifying the functionality of SingleCheckBoxDemo -----
2024-11-07 15:52:47.164 [main] INFO  testCases.testCheckboxPage - ----- Checking the tilte of Checkbox page is displayed or not -----
2024-11-07 15:52:47.218 [main] INFO  testCases.testCheckboxPage - ----- Checking the tilte of Checkbox is displayed or not -----
]]></system-out>
    <system-err><![CDATA[Nov 07, 2024 3:52:46 PM org.openqa.selenium.devtools.CdpVersionFinder findNearestMatch
WARNING: Unable to find CDP implementation matching 130
Nov 07, 2024 3:52:46 PM org.openqa.selenium.chromium.ChromiumDriver lambda$new$5
WARNING: Unable to find version of CDP to use for 130.0.6723.93. You may need to include a dependency on a specific version of the CDP using something similar to `org.seleniumhq.selenium:selenium-devtools-v86:4.11.0` where the version ("v86") matches the version of the chromium-based browser you're using and the version number of the artifact is the same as Selenium's.
]]></system-err>
  </testcase>
  <testcase name="dragAndDropDemo1" classname="testCases.testDragAndDrop" time="1.174">
    <system-out><![CDATA[2024-11-07 15:52:47.338 [main] INFO  basePackage.basePage - Test case got passed
2024-11-07 15:52:47.338 [main] INFO  basePackage.basePage - __________________________________________________________________________________
2024-11-07 15:52:48.923 [main] INFO  testCases.testCheckboxPage - ----- Testing the functionality of testDragAndDrop1 -----
2024-11-07 15:52:49.390 [main] INFO  testCases.testCheckboxPage - ----- Asserting that all the drop down are displayed or not -----
2024-11-07 15:52:50.028 [main] INFO  testCases.testCheckboxPage - ----- Verifying that the drag and drop operation happens correctly or not -----
]]></system-out>
    <system-err><![CDATA[Nov 07, 2024 3:52:48 PM org.openqa.selenium.devtools.CdpVersionFinder findNearestMatch
WARNING: Unable to find CDP implementation matching 130
Nov 07, 2024 3:52:48 PM org.openqa.selenium.chromium.ChromiumDriver lambda$new$5
WARNING: Unable to find version of CDP to use for 130.0.6723.93. You may need to include a dependency on a specific version of the CDP using something similar to `org.seleniumhq.selenium:selenium-devtools-v86:4.11.0` where the version ("v86") matches the version of the chromium-based browser you're using and the version number of the artifact is the same as Selenium's.
]]></system-err>
  </testcase>
  <testcase name="dragAndDropDemo2" classname="testCases.testDragAndDrop" time="0.834">
    <system-out><![CDATA[2024-11-07 15:52:50.098 [main] INFO  basePackage.basePage - Test case got passed
2024-11-07 15:52:50.098 [main] INFO  basePackage.basePage - __________________________________________________________________________________
2024-11-07 15:52:51.639 [main] INFO  testCases.testCheckboxPage - ----- Testing the functionality of testDragAndDrop2 -----
2024-11-07 15:52:52.437 [main] INFO  testCases.testCheckboxPage - ----- Verifying that the drag and drop operation happens correctly or not -----
]]></system-out>
    <system-err><![CDATA[Nov 07, 2024 3:52:50 PM org.openqa.selenium.devtools.CdpVersionFinder findNearestMatch
WARNING: Unable to find CDP implementation matching 130
Nov 07, 2024 3:52:50 PM org.openqa.selenium.chromium.ChromiumDriver lambda$new$5
WARNING: Unable to find version of CDP to use for 130.0.6723.93. You may need to include a dependency on a specific version of the CDP using something similar to `org.seleniumhq.selenium:selenium-devtools-v86:4.11.0` where the version ("v86") matches the version of the chromium-based browser you're using and the version number of the artifact is the same as Selenium's.
]]></system-err>
  </testcase>
  <testcase name="SelectCountry" classname="testCases.testDropDownSearchDemoPage" time="0.718">
    <system-out><![CDATA[2024-11-07 15:52:52.472 [main] INFO  basePackage.basePage - Test case got passed
2024-11-07 15:52:52.472 [main] INFO  basePackage.basePage - __________________________________________________________________________________
2024-11-07 15:52:53.985 [main] INFO  testCases.testCheckboxPage - ----- Verifying the SelectCountry test -----
2024-11-07 15:52:53.987 [main] INFO  testCases.testCheckboxPage - ----- Reading country from properties file -----
2024-11-07 15:52:54.654 [main] INFO  testCases.testCheckboxPage - ----- Verifying the input and output country is matching or not -----
]]></system-out>
    <system-err><![CDATA[Nov 07, 2024 3:52:53 PM org.openqa.selenium.devtools.CdpVersionFinder findNearestMatch
WARNING: Unable to find CDP implementation matching 130
Nov 07, 2024 3:52:53 PM org.openqa.selenium.chromium.ChromiumDriver lambda$new$5
WARNING: Unable to find version of CDP to use for 130.0.6723.93. You may need to include a dependency on a specific version of the CDP using something similar to `org.seleniumhq.selenium:selenium-devtools-v86:4.11.0` where the version ("v86") matches the version of the chromium-based browser you're using and the version number of the artifact is the same as Selenium's.
]]></system-err>
  </testcase>
  <testcase name="SelectFile" classname="testCases.testDropDownSearchDemoPage" time="0.623">
    <system-out><![CDATA[2024-11-07 15:52:54.703 [main] INFO  basePackage.basePage - Test case got passed
2024-11-07 15:52:54.703 [main] INFO  basePackage.basePage - __________________________________________________________________________________
2024-11-07 15:52:56.219 [main] INFO  testCases.testCheckboxPage - ----- Verifying the SelectFile test -----
2024-11-07 15:52:56.675 [main] INFO  testCases.testCheckboxPage - ----- Verifying DropDown titile has been displayed or not  -----
2024-11-07 15:52:56.724 [main] INFO  testCases.testCheckboxPage - ----- Select the file  -----
PHP
]]></system-out>
    <system-err><![CDATA[Nov 07, 2024 3:52:55 PM org.openqa.selenium.devtools.CdpVersionFinder findNearestMatch
WARNING: Unable to find CDP implementation matching 130
Nov 07, 2024 3:52:55 PM org.openqa.selenium.chromium.ChromiumDriver lambda$new$5
WARNING: Unable to find version of CDP to use for 130.0.6723.93. You may need to include a dependency on a specific version of the CDP using something similar to `org.seleniumhq.selenium:selenium-devtools-v86:4.11.0` where the version ("v86") matches the version of the chromium-based browser you're using and the version number of the artifact is the same as Selenium's.
]]></system-err>
  </testcase>
  <testcase name="SelectState" classname="testCases.testDropDownSearchDemoPage" time="0.614">
    <system-out><![CDATA[2024-11-07 15:52:56.843 [main] INFO  basePackage.basePage - Test case got passed
2024-11-07 15:52:56.843 [main] INFO  basePackage.basePage - __________________________________________________________________________________
2024-11-07 15:52:58.246 [main] INFO  testCases.testCheckboxPage - ----- Verifying the SelectState test -----
]]></system-out>
    <system-err><![CDATA[Nov 07, 2024 3:52:57 PM org.openqa.selenium.devtools.CdpVersionFinder findNearestMatch
WARNING: Unable to find CDP implementation matching 130
Nov 07, 2024 3:52:57 PM org.openqa.selenium.chromium.ChromiumDriver lambda$new$5
WARNING: Unable to find version of CDP to use for 130.0.6723.93. You may need to include a dependency on a specific version of the CDP using something similar to `org.seleniumhq.selenium:selenium-devtools-v86:4.11.0` where the version ("v86") matches the version of the chromium-based browser you're using and the version number of the artifact is the same as Selenium's.
]]></system-err>
  </testcase>
  <testcase name="DataIsLoaded" classname="testCases.testDynamicDataLoading" time="6.962">
    <system-out><![CDATA[2024-11-07 15:52:58.861 [main] INFO  basePackage.basePage - Test case got passed
2024-11-07 15:52:58.861 [main] INFO  basePackage.basePage - __________________________________________________________________________________
]]></system-out>
    <system-err><![CDATA[Nov 07, 2024 3:52:59 PM org.openqa.selenium.devtools.CdpVersionFinder findNearestMatch
WARNING: Unable to find CDP implementation matching 130
Nov 07, 2024 3:52:59 PM org.openqa.selenium.chromium.ChromiumDriver lambda$new$5
WARNING: Unable to find version of CDP to use for 130.0.6723.93. You may need to include a dependency on a specific version of the CDP using something similar to `org.seleniumhq.selenium:selenium-devtools-v86:4.11.0` where the version ("v86") matches the version of the chromium-based browser you're using and the version number of the artifact is the same as Selenium's.
]]></system-err>
  </testcase>
  <testcase name="handelTwitterPage" classname="testCases.testHandelWindowsPage" time="38.927">
    <failure message="Cannot invoke &quot;org.openqa.selenium.WebElement.click()&quot; because &quot;webElement&quot; is null" type="java.lang.NullPointerException"><![CDATA[java.lang.NullPointerException: Cannot invoke "org.openqa.selenium.WebElement.click()" because "webElement" is null
	at testCases.testHandelWindowsPage.handelTwitterPage(testHandelWindowsPage.java:46)
]]></failure>
    <system-out><![CDATA[2024-11-07 15:53:07.309 [main] INFO  basePackage.basePage - Test case got passed
2024-11-07 15:53:07.309 [main] INFO  basePackage.basePage - __________________________________________________________________________________
2024-11-07 15:53:08.760 [main] INFO  testCases.testHandelWindowsPage - ----- Verifying the functionality of testSlider -----
2024-11-07 15:53:09.357 [main] INFO  testCases.testHandelWindowsPage - ----- Switch to the new Twitter popup window -----
2024-11-07 15:53:09.397 [main] INFO  testCases.testHandelWindowsPage - ----- Changing the driver  and maximising the window -----
2024-11-07 15:53:17.488 [main] INFO  testCases.testHandelWindowsPage - ----- Perform the Twitter login action -----
]]></system-out>
    <system-err><![CDATA[Nov 07, 2024 3:53:08 PM org.openqa.selenium.devtools.CdpVersionFinder findNearestMatch
WARNING: Unable to find CDP implementation matching 130
Nov 07, 2024 3:53:08 PM org.openqa.selenium.chromium.ChromiumDriver lambda$new$5
WARNING: Unable to find version of CDP to use for 130.0.6723.93. You may need to include a dependency on a specific version of the CDP using something similar to `org.seleniumhq.selenium:selenium-devtools-v86:4.11.0` where the version ("v86") matches the version of the chromium-based browser you're using and the version number of the artifact is the same as Selenium's.
org.openqa.selenium.NoSuchWindowException: no such window: target window already closed
from unknown error: web view not found
  (Session info: chrome=130.0.6723.93)
Build info: version: '4.11.0', revision: '040bc5406b'
System info: os.name: 'Windows 11', os.arch: 'amd64', os.version: '10.0', java.version: '18.0.2.1'
Driver info: org.openqa.selenium.chrome.ChromeDriver
Command: [0105723629dce1eb3804369d1dddc5b1, findElement {using=xpath, value=//div[contains(@class,'css-901oao r-1awozwy')]//input[1]}]
Capabilities {acceptInsecureCerts: false, browserName: chrome, browserVersion: 130.0.6723.93, chrome: {chromedriverVersion: 130.0.6723.116 (6ac35f94ae3..., userDataDir: C:\Users\Abhi\AppData\Local...}, fedcm:accounts: true, goog:chromeOptions: {debuggerAddress: localhost:51794}, networkConnectionEnabled: false, pageLoadStrategy: normal, platformName: windows, proxy: Proxy(), se:cdp: ws://localhost:51794/devtoo..., se:cdpVersion: 130.0.6723.93, setWindowRect: true, strictFileInteractability: false, timeouts: {implicit: 0, pageLoad: 300000, script: 30000}, unhandledPromptBehavior: dismiss and notify, webauthn:extension:credBlob: true, webauthn:extension:largeBlob: true, webauthn:extension:minPinLength: true, webauthn:extension:prf: true, webauthn:virtualAuthenticators: true}
Session ID: 0105723629dce1eb3804369d1dddc5b1
	at java.base/jdk.internal.reflect.DirectConstructorHandleAccessor.newInstance(DirectConstructorHandleAccessor.java:67)
	at java.base/java.lang.reflect.Constructor.newInstanceWithCaller(Constructor.java:499)
	at java.base/java.lang.reflect.Constructor.newInstance(Constructor.java:483)
	at org.openqa.selenium.remote.codec.w3c.W3CHttpResponseCodec.createException(W3CHttpResponseCodec.java:200)
	at org.openqa.selenium.remote.codec.w3c.W3CHttpResponseCodec.decode(W3CHttpResponseCodec.java:133)
	at org.openqa.selenium.remote.codec.w3c.W3CHttpResponseCodec.decode(W3CHttpResponseCodec.java:52)
	at org.openqa.selenium.remote.HttpCommandExecutor.execute(HttpCommandExecutor.java:191)
	at org.openqa.selenium.remote.service.DriverCommandExecutor.invokeExecute(DriverCommandExecutor.java:196)
	at org.openqa.selenium.remote.service.DriverCommandExecutor.execute(DriverCommandExecutor.java:171)
	at org.openqa.selenium.remote.RemoteWebDriver.execute(RemoteWebDriver.java:518)
	at org.openqa.selenium.remote.ElementLocation$ElementFinder$2.findElement(ElementLocation.java:165)
	at org.openqa.selenium.remote.ElementLocation.findElement(ElementLocation.java:59)
	at org.openqa.selenium.remote.RemoteWebDriver.findElement(RemoteWebDriver.java:355)
	at org.openqa.selenium.remote.RemoteWebDriver.findElement(RemoteWebDriver.java:349)
	at org.openqa.selenium.support.pagefactory.DefaultElementLocator.findElement(DefaultElementLocator.java:68)
	at org.openqa.selenium.support.pagefactory.internal.LocatingElementHandler.invoke(LocatingElementHandler.java:38)
	at jdk.proxy2/jdk.proxy2.$Proxy30.toString(Unknown Source)
	at java.base/java.lang.String.valueOf(String.java:4213)
	at java.base/java.lang.StringBuilder.append(StringBuilder.java:173)
	at org.openqa.selenium.support.ui.ExpectedConditions$23.toString(ExpectedConditions.java:669)
	at java.base/java.lang.String.valueOf(String.java:4213)
	at java.base/java.lang.StringBuilder.append(StringBuilder.java:173)
	at org.openqa.selenium.support.ui.FluentWait.until(FluentWait.java:227)
	at utilities.elementsUtils.WaitForElement(elementsUtils.java:28)
	at utilities.elementsUtils.typeTextIntoElement(elementsUtils.java:51)
	at pages.twitterPage.settextUsername(twitterPage.java:42)
	at testCases.testHandelWindowsPage.handelTwitterPage(testHandelWindowsPage.java:46)
	at java.base/jdk.internal.reflect.DirectMethodHandleAccessor.invoke(DirectMethodHandleAccessor.java:104)
	at java.base/java.lang.reflect.Method.invoke(Method.java:577)
	at org.testng.internal.MethodInvocationHelper.invokeMethod(MethodInvocationHelper.java:134)
	at org.testng.internal.TestInvoker.invokeMethod(TestInvoker.java:597)
	at org.testng.internal.TestInvoker.invokeTestMethod(TestInvoker.java:173)
	at org.testng.internal.MethodRunner.runInSequence(MethodRunner.java:46)
	at org.testng.internal.TestInvoker$MethodInvocationAgent.invoke(TestInvoker.java:816)
	at org.testng.internal.TestInvoker.invokeTestMethods(TestInvoker.java:146)
	at org.testng.internal.TestMethodWorker.invokeTestMethods(TestMethodWorker.java:146)
	at org.testng.internal.TestMethodWorker.run(TestMethodWorker.java:128)
	at java.base/java.util.ArrayList.forEach(ArrayList.java:1511)
	at org.testng.TestRunner.privateRun(TestRunner.java:766)
	at org.testng.TestRunner.run(TestRunner.java:587)
	at org.testng.SuiteRunner.runTest(SuiteRunner.java:384)
	at org.testng.SuiteRunner.runSequentially(SuiteRunner.java:378)
	at org.testng.SuiteRunner.privateRun(SuiteRunner.java:337)
	at org.testng.SuiteRunner.run(SuiteRunner.java:286)
	at org.testng.SuiteRunnerWorker.runSuite(SuiteRunnerWorker.java:53)
	at org.testng.SuiteRunnerWorker.run(SuiteRunnerWorker.java:96)
	at org.testng.TestNG.runSuitesSequentially(TestNG.java:1187)
	at org.testng.TestNG.runSuitesLocally(TestNG.java:1109)
	at org.testng.TestNG.runSuites(TestNG.java:1039)
	at org.testng.TestNG.run(TestNG.java:1007)
	at org.apache.maven.surefire.testng.TestNGExecutor.run(TestNGExecutor.java:284)
	at org.apache.maven.surefire.testng.TestNGXmlTestSuite.execute(TestNGXmlTestSuite.java:75)
	at org.apache.maven.surefire.testng.TestNGProvider.invoke(TestNGProvider.java:119)
	at org.apache.maven.surefire.booter.ForkedBooter.runSuitesInProcess(ForkedBooter.java:428)
	at org.apache.maven.surefire.booter.ForkedBooter.execute(ForkedBooter.java:162)
	at org.apache.maven.surefire.booter.ForkedBooter.run(ForkedBooter.java:562)
	at org.apache.maven.surefire.booter.ForkedBooter.main(ForkedBooter.java:548)
]]></system-err>
  </testcase>
  <testcase name="testStatus[[TestResult name=handelTwitterPage status=FAILURE method=testHandelWindowsPage.handelTwitterPage()[pri:0, instance:testCases.testHandelWindowsPage@26a4842b] output={null}]](0)" classname="testCases.testHandelWindowsPage" time="38.927">
    <failure message="no such window: target window already closed&#10;from unknown error: web view not found&#10;  (Session info: chrome=130.0.6723.93)&#10;Build info: version: &apos;4.11.0&apos;, revision: &apos;040bc5406b&apos;&#10;System info: os.name: &apos;Windows 11&apos;, os.arch: &apos;amd64&apos;, os.version: &apos;10.0&apos;, java.version: &apos;18.0.2.1&apos;&#10;Driver info: org.openqa.selenium.chrome.ChromeDriver&#10;Command: [0105723629dce1eb3804369d1dddc5b1, screenshot {}]&#10;Capabilities {acceptInsecureCerts: false, browserName: chrome, browserVersion: 130.0.6723.93, chrome: {chromedriverVersion: 130.0.6723.116 (6ac35f94ae3..., userDataDir: C:\Users\Abhi\AppData\Local...}, fedcm:accounts: true, goog:chromeOptions: {debuggerAddress: localhost:51794}, networkConnectionEnabled: false, pageLoadStrategy: normal, platformName: windows, proxy: Proxy(), se:cdp: ws://localhost:51794/devtoo..., se:cdpVersion: 130.0.6723.93, setWindowRect: true, strictFileInteractability: false, timeouts: {implicit: 0, pageLoad: 300000, script: 30000}, unhandledPromptBehavior: dismiss and notify, webauthn:extension:credBlob: true, webauthn:extension:largeBlob: true, webauthn:extension:minPinLength: true, webauthn:extension:prf: true, webauthn:virtualAuthenticators: true}&#10;Session ID: 0105723629dce1eb3804369d1dddc5b1" type="org.openqa.selenium.NoSuchWindowException"><![CDATA[org.openqa.selenium.NoSuchWindowException: 
no such window: target window already closed
from unknown error: web view not found
  (Session info: chrome=130.0.6723.93)
Build info: version: '4.11.0', revision: '040bc5406b'
System info: os.name: 'Windows 11', os.arch: 'amd64', os.version: '10.0', java.version: '18.0.2.1'
Driver info: org.openqa.selenium.chrome.ChromeDriver
Command: [0105723629dce1eb3804369d1dddc5b1, screenshot {}]
Capabilities {acceptInsecureCerts: false, browserName: chrome, browserVersion: 130.0.6723.93, chrome: {chromedriverVersion: 130.0.6723.116 (6ac35f94ae3..., userDataDir: C:\Users\Abhi\AppData\Local...}, fedcm:accounts: true, goog:chromeOptions: {debuggerAddress: localhost:51794}, networkConnectionEnabled: false, pageLoadStrategy: normal, platformName: windows, proxy: Proxy(), se:cdp: ws://localhost:51794/devtoo..., se:cdpVersion: 130.0.6723.93, setWindowRect: true, strictFileInteractability: false, timeouts: {implicit: 0, pageLoad: 300000, script: 30000}, unhandledPromptBehavior: dismiss and notify, webauthn:extension:credBlob: true, webauthn:extension:largeBlob: true, webauthn:extension:minPinLength: true, webauthn:extension:prf: true, webauthn:virtualAuthenticators: true}
Session ID: 0105723629dce1eb3804369d1dddc5b1
]]></failure>
  </testcase>
  <testcase name="testSlider" classname="testCases.testSliderDemoPage" time="0.741">
    <system-out><![CDATA[2024-11-07 15:53:48.988 [main] INFO  testCases.testSliderDemoPage - ----- Verifying the functionality of testSlider -----
2024-11-07 15:53:49.288 [main] INFO  pages.sliderDemoPage - Initial loc: (759, 338)
2024-11-07 15:53:49.307 [main] INFO  pages.sliderDemoPage - Initial value: 20
2024-11-07 15:53:49.724 [main] INFO  pages.sliderDemoPage - Updated value: 40
]]></system-out>
    <system-err><![CDATA[Nov 07, 2024 3:53:48 PM org.openqa.selenium.devtools.CdpVersionFinder findNearestMatch
WARNING: Unable to find CDP implementation matching 130
Nov 07, 2024 3:53:48 PM org.openqa.selenium.chromium.ChromiumDriver lambda$new$5
WARNING: Unable to find version of CDP to use for 130.0.6723.93. You may need to include a dependency on a specific version of the CDP using something similar to `org.seleniumhq.selenium:selenium-devtools-v86:4.11.0` where the version ("v86") matches the version of the chromium-based browser you're using and the version number of the artifact is the same as Selenium's.
]]></system-err>
  </testcase>
</testsuite>